<?xml version="1.0" encoding="UTF-8"?>
<!-- Generated by org.testng.reporters.JUnitXMLReporter -->
<testsuite hostname="LAPTOP-0S7FU3VT" name="TC1 IE" tests="1" failures="0" timestamp="9 Mar 2020 23:04:29 GMT" time="0.351" errors="0">
  <testcase name="@BeforeClass beforeClass" time="0.0" classname="TestNG.TC1">
    <failure type="java.lang.IllegalStateException" message="The driver executable does not exist: C:\Users\eve_3\git\SeleniumJavaFramework1\LCRA\IE driver pathIEDriverServer.exe">
      <![CDATA[java.lang.IllegalStateException: The driver executable does not exist: C:\Users\eve_3\git\SeleniumJavaFramework1\LCRA\IE driver pathIEDriverServer.exe
	at com.google.common.base.Preconditions.checkState(Preconditions.java:585)
	at org.openqa.selenium.remote.service.DriverService.checkExecutable(DriverService.java:146)
	at org.openqa.selenium.remote.service.DriverService.findExecutable(DriverService.java:141)
	at org.openqa.selenium.ie.InternetExplorerDriverService.access$000(InternetExplorerDriverService.java:35)
	at org.openqa.selenium.ie.InternetExplorerDriverService$Builder.findDefaultExecutable(InternetExplorerDriverService.java:175)
	at org.openqa.selenium.remote.service.DriverService$Builder.build(DriverService.java:355)
	at org.openqa.selenium.ie.InternetExplorerDriver.setupService(InternetExplorerDriver.java:281)
	at org.openqa.selenium.ie.InternetExplorerDriver.<init>(InternetExplorerDriver.java:211)
	at org.openqa.selenium.ie.InternetExplorerDriver.<init>(InternetExplorerDriver.java:150)
	at TestNG.TC1.beforeClass(TC1.java:38)
... Removed 24 stack frames]]>
    </failure>
  </testcase> <!-- @BeforeClass beforeClass -->
  <testcase name="@AfterClass afterClass" time="0.0" classname="TestNG.TC1">
    <skipped/>
  </testcase> <!-- @AfterClass afterClass -->
  <testcase name="homePage" time="0.005" classname="TestNG.TC1">
    <skipped/>
  </testcase> <!-- homePage -->
</testsuite> <!-- TC1 IE -->
